D:\test_bed\mvc_esri_angular\mvc_esri_angular\Scripts\App\app.component.js
D:\test_bed\mvc_esri_angular\mvc_esri_angular\Scripts\App\app.component.js.map
D:\test_bed\mvc_esri_angular\mvc_esri_angular\Scripts\App\app.module.js
D:\test_bed\mvc_esri_angular\mvc_esri_angular\Scripts\App\app.module.js.map
D:\test_bed\mvc_esri_angular\mvc_esri_angular\Scripts\App\main.js
D:\test_bed\mvc_esri_angular\mvc_esri_angular\Scripts\App\main.js.map
D:\test_bed\mvc_esri_angular\mvc_esri_angular\Scripts\App\app.component.js
D:\test_bed\mvc_esri_angular\mvc_esri_angular\Scripts\App\app.component.js.map
D:\test_bed\mvc_esri_angular\mvc_esri_angular\Scripts\App\app.module.js
D:\test_bed\mvc_esri_angular\mvc_esri_angular\Scripts\App\app.module.js.map
D:\test_bed\mvc_esri_angular\mvc_esri_angular\Scripts\App\main.js
D:\test_bed\mvc_esri_angular\mvc_esri_angular\Scripts\App\main.js.map
D:\test_bed\mvc_esri_angular\mvc_esri_angular\Scripts\App\app.component.js
D:\test_bed\mvc_esri_angular\mvc_esri_angular\Scripts\App\app.component.js.map
D:\test_bed\mvc_esri_angular\mvc_esri_angular\Scripts\App\app.module.js
D:\test_bed\mvc_esri_angular\mvc_esri_angular\Scripts\App\app.module.js.map
D:\test_bed\mvc_esri_angular\mvc_esri_angular\Scripts\App\main.js
D:\test_bed\mvc_esri_angular\mvc_esri_angular\Scripts\App\main.js.map
D:\test_bed\mvc_esri_angular\mvc_esri_angular\Scripts\App\app.component.js
D:\test_bed\mvc_esri_angular\mvc_esri_angular\Scripts\App\app.component.js.map
D:\test_bed\mvc_esri_angular\mvc_esri_angular\Scripts\App\app.module.js
D:\test_bed\mvc_esri_angular\mvc_esri_angular\Scripts\App\app.module.js.map
D:\test_bed\mvc_esri_angular\mvc_esri_angular\Scripts\App\main.js
D:\test_bed\mvc_esri_angular\mvc_esri_angular\Scripts\App\main.js.map
D:\test_bed\mvc_esri_angular\mvc_esri_angular\Scripts\App\app.component.js
D:\test_bed\mvc_esri_angular\mvc_esri_angular\Scripts\App\app.component.js.map
D:\test_bed\mvc_esri_angular\mvc_esri_angular\Scripts\App\app.module.js
D:\test_bed\mvc_esri_angular\mvc_esri_angular\Scripts\App\app.module.js.map
D:\test_bed\mvc_esri_angular\mvc_esri_angular\Scripts\App\main.js
D:\test_bed\mvc_esri_angular\mvc_esri_angular\Scripts\App\main.js.map
D:\test_bed\mvc_esri_angular\mvc_esri_angular\Scripts\App\app.component.js
D:\test_bed\mvc_esri_angular\mvc_esri_angular\Scripts\App\app.component.js.map
D:\test_bed\mvc_esri_angular\mvc_esri_angular\Scripts\App\app.module.js
D:\test_bed\mvc_esri_angular\mvc_esri_angular\Scripts\App\app.module.js.map
D:\test_bed\mvc_esri_angular\mvc_esri_angular\Scripts\App\main.js
D:\test_bed\mvc_esri_angular\mvc_esri_angular\Scripts\App\main.js.map
